<?xml version="1.0" encoding="UTF-8"?>
<testng-results ignored="0" total="1" passed="1" failed="0" skipped="0">
  <reporter-output>
  </reporter-output>
  <suite started-at="2024-02-11T20:49:16 IST" name="Default suite" finished-at="2024-02-11T20:49:26 IST" duration-ms="10602">
    <groups>
    </groups>
    <test started-at="2024-02-11T20:49:16 IST" name="Default test" finished-at="2024-02-11T20:49:26 IST" duration-ms="10602">
      <class name="utilities.ListenersDemo_Reports">
        <test-method is-config="true" signature="setUp()[pri:0, instance:utilities.ListenersDemo_Reports@202b0582]" started-at="2024-02-11T20:49:15 IST" name="setUp" finished-at="2024-02-11T20:49:16 IST" duration-ms="441" status="PASS">
          <reporter-output>
          </reporter-output>
        </test-method> <!-- setUp -->
        <test-method is-config="true" signature="setup()[pri:0, instance:utilities.ListenersDemo_Reports@202b0582]" started-at="2024-02-11T20:49:16 IST" name="setup" finished-at="2024-02-11T20:49:23 IST" duration-ms="7079" status="PASS">
          <reporter-output>
          </reporter-output>
        </test-method> <!-- setup -->
        <test-method signature="LoginFailTest()[pri:0, instance:utilities.ListenersDemo_Reports@202b0582]" started-at="2024-02-11T20:49:23 IST" name="LoginFailTest" finished-at="2024-02-11T20:49:26 IST" duration-ms="2836" status="PASS">
          <reporter-output>
          </reporter-output>
        </test-method> <!-- LoginFailTest -->
        <test-method is-config="true" signature="tearDown()[pri:0, instance:utilities.ListenersDemo_Reports@202b0582]" started-at="2024-02-11T20:49:26 IST" name="tearDown" finished-at="2024-02-11T20:49:26 IST" duration-ms="602" status="PASS">
          <reporter-output>
          </reporter-output>
        </test-method> <!-- tearDown -->
        <test-method is-config="true" signature="tearDownSuite()[pri:0, instance:utilities.ListenersDemo_Reports@202b0582]" started-at="2024-02-11T20:49:26 IST" name="tearDownSuite" finished-at="2024-02-11T20:49:27 IST" duration-ms="703" status="PASS">
          <reporter-output>
          </reporter-output>
        </test-method> <!-- tearDownSuite -->
      </class> <!-- utilities.ListenersDemo_Reports -->
    </test> <!-- Default test -->
  </suite> <!-- Default suite -->
</testng-results>
